2026-04-03 21:41:42,137 consumer client=84b20c3e-c3bc-4a7b-ab02-b6643c786b7f t=9.9s idx=100 qsize=2 qsize_max=2 abuf=5 vbuf=3 dbuf=2 empty=2/100 jitter_max=5.0ms
2026-04-03 21:41:42,208 video_out client=84b20c3e-c3bc-4a7b-ab02-b6643c786b7f t=10.0s frames=300 idle=6/300 jitter_max=202.2ms
2026-04-03 21:41:42,221 audio_out client=84b20c3e-c3bc-4a7b-ab02-b6643c786b7f t=10.0s frames=500 buf_empty=0/500 jitter_max=202.0ms
2026-04-03 21:41:52,136 consumer client=84b20c3e-c3bc-4a7b-ab02-b6643c786b7f t=19.9s idx=200 qsize=2 qsize_max=2 abuf=5 vbuf=3 dbuf=2 empty=0/100 jitter_max=1.6ms
2026-04-03 21:41:52,208 video_out client=84b20c3e-c3bc-4a7b-ab02-b6643c786b7f t=20.0s frames=600 idle=0/300 jitter_max=1.1ms
2026-04-03 21:41:52,222 audio_out client=84b20c3e-c3bc-4a7b-ab02-b6643c786b7f t=20.0s frames=1000 buf_empty=0/500 jitter_max=1.2ms
2026-04-03 21:42:02,136 consumer client=84b20c3e-c3bc-4a7b-ab02-b6643c786b7f t=29.9s idx=300 qsize=2 qsize_max=2 abuf=5 vbuf=3 dbuf=2 empty=0/100 jitter_max=1.1ms
2026-04-03 21:42:02,209 video_out client=84b20c3e-c3bc-4a7b-ab02-b6643c786b7f t=30.0s frames=900 idle=0/300 jitter_max=1.1ms
2026-04-03 21:42:02,222 audio_out client=84b20c3e-c3bc-4a7b-ab02-b6643c786b7f t=30.0s frames=1500 buf_empty=0/500 jitter_max=1.1ms
2026-04-03 21:42:12,136 consumer client=84b20c3e-c3bc-4a7b-ab02-b6643c786b7f t=39.9s idx=400 qsize=2 qsize_max=2 abuf=5 vbuf=3 dbuf=2 empty=0/100 jitter_max=1.1ms
2026-04-03 21:42:12,208 video_out client=84b20c3e-c3bc-4a7b-ab02-b6643c786b7f t=40.0s frames=1200 idle=0/300 jitter_max=1.5ms
2026-04-03 21:42:12,222 audio_out client=84b20c3e-c3bc-4a7b-ab02-b6643c786b7f t=40.0s frames=2000 buf_empty=0/500 jitter_max=1.2ms
2026-04-03 21:42:22,137 consumer client=84b20c3e-c3bc-4a7b-ab02-b6643c786b7f t=49.9s idx=500 qsize=2 qsize_max=2 abuf=5 vbuf=3 dbuf=2 empty=0/100 jitter_max=1.0ms
2026-04-03 21:42:22,208 video_out client=84b20c3e-c3bc-4a7b-ab02-b6643c786b7f t=50.0s frames=1500 idle=0/300 jitter_max=1.3ms
2026-04-03 21:42:22,221 audio_out client=84b20c3e-c3bc-4a7b-ab02-b6643c786b7f t=50.0s frames=2500 buf_empty=0/500 jitter_max=1.9ms
2026-04-03 21:42:32,137 consumer client=84b20c3e-c3bc-4a7b-ab02-b6643c786b7f t=59.9s idx=600 qsize=2 qsize_max=2 abuf=5 vbuf=3 dbuf=2 empty=0/100 jitter_max=1.1ms
2026-04-03 21:42:32,208 video_out client=84b20c3e-c3bc-4a7b-ab02-b6643c786b7f t=60.0s frames=1800 idle=0/300 jitter_max=1.5ms
2026-04-03 21:42:32,222 audio_out client=84b20c3e-c3bc-4a7b-ab02-b6643c786b7f t=60.0s frames=3000 buf_empty=0/500 jitter_max=1.3ms
2026-04-03 21:42:42,136 consumer client=84b20c3e-c3bc-4a7b-ab02-b6643c786b7f t=69.9s idx=700 qsize=2 qsize_max=2 abuf=5 vbuf=3 dbuf=2 empty=0/100 jitter_max=1.7ms
2026-04-03 21:42:42,208 video_out client=84b20c3e-c3bc-4a7b-ab02-b6643c786b7f t=70.0s frames=2100 idle=0/300 jitter_max=1.2ms
2026-04-03 21:42:42,222 audio_out client=84b20c3e-c3bc-4a7b-ab02-b6643c786b7f t=70.0s frames=3500 buf_empty=0/500 jitter_max=2.2ms
2026-04-03 21:42:52,137 consumer client=84b20c3e-c3bc-4a7b-ab02-b6643c786b7f t=79.9s idx=800 qsize=2 qsize_max=2 abuf=5 vbuf=3 dbuf=2 empty=0/100 jitter_max=1.4ms
2026-04-03 21:42:52,209 video_out client=84b20c3e-c3bc-4a7b-ab02-b6643c786b7f t=80.0s frames=2400 idle=0/300 jitter_max=1.3ms
2026-04-03 21:42:52,221 audio_out client=84b20c3e-c3bc-4a7b-ab02-b6643c786b7f t=80.0s frames=4000 buf_empty=0/500 jitter_max=1.5ms
2026-04-03 21:43:02,137 consumer client=84b20c3e-c3bc-4a7b-ab02-b6643c786b7f t=89.9s idx=900 qsize=2 qsize_max=2 abuf=5 vbuf=3 dbuf=2 empty=0/100 jitter_max=1.4ms
2026-04-03 21:43:02,208 video_out client=84b20c3e-c3bc-4a7b-ab02-b6643c786b7f t=90.0s frames=2700 idle=0/300 jitter_max=1.7ms
2026-04-03 21:43:02,222 audio_out client=84b20c3e-c3bc-4a7b-ab02-b6643c786b7f t=90.0s frames=4500 buf_empty=0/500 jitter_max=1.9ms
2026-04-03 21:43:12,137 consumer client=84b20c3e-c3bc-4a7b-ab02-b6643c786b7f t=99.9s idx=1000 qsize=2 qsize_max=2 abuf=5 vbuf=3 dbuf=2 empty=0/100 jitter_max=2.1ms
2026-04-03 21:43:12,208 video_out client=84b20c3e-c3bc-4a7b-ab02-b6643c786b7f t=100.0s frames=3000 idle=0/300 jitter_max=2.2ms
2026-04-03 21:43:12,221 audio_out client=84b20c3e-c3bc-4a7b-ab02-b6643c786b7f t=100.0s frames=5000 buf_empty=0/500 jitter_max=2.2ms
2026-04-03 21:43:22,137 consumer client=84b20c3e-c3bc-4a7b-ab02-b6643c786b7f t=109.9s idx=1100 qsize=2 qsize_max=2 abuf=5 vbuf=3 dbuf=2 empty=0/100 jitter_max=1.5ms
2026-04-03 21:43:22,208 video_out client=84b20c3e-c3bc-4a7b-ab02-b6643c786b7f t=110.0s frames=3300 idle=0/300 jitter_max=1.3ms
2026-04-03 21:43:22,221 audio_out client=84b20c3e-c3bc-4a7b-ab02-b6643c786b7f t=110.0s frames=5500 buf_empty=0/500 jitter_max=1.4ms
2026-04-03 21:43:32,136 consumer client=84b20c3e-c3bc-4a7b-ab02-b6643c786b7f t=119.9s idx=1200 qsize=2 qsize_max=2 abuf=5 vbuf=3 dbuf=2 empty=0/100 jitter_max=2.1ms
2026-04-03 21:43:32,208 video_out client=84b20c3e-c3bc-4a7b-ab02-b6643c786b7f t=120.0s frames=3600 idle=0/300 jitter_max=1.8ms
2026-04-03 21:43:32,221 audio_out client=84b20c3e-c3bc-4a7b-ab02-b6643c786b7f t=120.0s frames=6000 buf_empty=0/500 jitter_max=1.9ms
2026-04-03 21:43:42,137 consumer client=84b20c3e-c3bc-4a7b-ab02-b6643c786b7f t=129.9s idx=1300 qsize=2 qsize_max=2 abuf=5 vbuf=3 dbuf=2 empty=0/100 jitter_max=1.5ms
2026-04-03 21:43:42,209 video_out client=84b20c3e-c3bc-4a7b-ab02-b6643c786b7f t=130.0s frames=3900 idle=0/300 jitter_max=1.7ms
2026-04-03 21:43:42,221 audio_out client=84b20c3e-c3bc-4a7b-ab02-b6643c786b7f t=130.0s frames=6500 buf_empty=0/500 jitter_max=1.8ms
2026-04-03 21:43:52,137 consumer client=84b20c3e-c3bc-4a7b-ab02-b6643c786b7f t=139.9s idx=1400 qsize=2 qsize_max=2 abuf=5 vbuf=3 dbuf=2 empty=0/100 jitter_max=1.6ms
2026-04-03 21:43:52,208 video_out client=84b20c3e-c3bc-4a7b-ab02-b6643c786b7f t=140.0s frames=4200 idle=0/300 jitter_max=2.1ms
2026-04-03 21:43:52,221 audio_out client=84b20c3e-c3bc-4a7b-ab02-b6643c786b7f t=140.0s frames=7000 buf_empty=0/500 jitter_max=2.1ms
2026-04-03 21:44:02,137 consumer client=84b20c3e-c3bc-4a7b-ab02-b6643c786b7f t=149.9s idx=1500 qsize=2 qsize_max=2 abuf=5 vbuf=3 dbuf=2 empty=0/100 jitter_max=1.4ms
2026-04-03 21:44:02,208 video_out client=84b20c3e-c3bc-4a7b-ab02-b6643c786b7f t=150.0s frames=4500 idle=0/300 jitter_max=1.6ms
2026-04-03 21:44:02,221 audio_out client=84b20c3e-c3bc-4a7b-ab02-b6643c786b7f t=150.0s frames=7500 buf_empty=0/500 jitter_max=1.2ms
2026-04-03 21:44:12,136 consumer client=84b20c3e-c3bc-4a7b-ab02-b6643c786b7f t=159.9s idx=1600 qsize=2 qsize_max=2 abuf=5 vbuf=3 dbuf=2 empty=0/100 jitter_max=2.1ms
2026-04-03 21:44:12,208 video_out client=84b20c3e-c3bc-4a7b-ab02-b6643c786b7f t=160.0s frames=4800 idle=0/300 jitter_max=1.6ms
2026-04-03 21:44:12,222 audio_out client=84b20c3e-c3bc-4a7b-ab02-b6643c786b7f t=160.0s frames=8000 buf_empty=0/500 jitter_max=1.9ms
2026-04-03 21:44:22,137 consumer client=84b20c3e-c3bc-4a7b-ab02-b6643c786b7f t=169.9s idx=1700 qsize=2 qsize_max=2 abuf=5 vbuf=3 dbuf=2 empty=0/100 jitter_max=1.5ms
2026-04-03 21:44:22,208 video_out client=84b20c3e-c3bc-4a7b-ab02-b6643c786b7f t=170.0s frames=5100 idle=0/300 jitter_max=1.7ms
2026-04-03 21:44:22,222 audio_out client=84b20c3e-c3bc-4a7b-ab02-b6643c786b7f t=170.0s frames=8500 buf_empty=0/500 jitter_max=1.5ms
2026-04-03 21:44:32,136 consumer client=84b20c3e-c3bc-4a7b-ab02-b6643c786b7f t=179.9s idx=1800 qsize=2 qsize_max=2 abuf=5 vbuf=3 dbuf=2 empty=0/100 jitter_max=1.2ms
2026-04-03 21:44:32,208 video_out client=84b20c3e-c3bc-4a7b-ab02-b6643c786b7f t=180.0s frames=5400 idle=0/300 jitter_max=1.5ms
2026-04-03 21:44:32,222 audio_out client=84b20c3e-c3bc-4a7b-ab02-b6643c786b7f t=180.0s frames=9000 buf_empty=0/500 jitter_max=1.9ms
2026-04-03 21:44:42,136 consumer client=84b20c3e-c3bc-4a7b-ab02-b6643c786b7f t=189.9s idx=1900 qsize=2 qsize_max=2 abuf=5 vbuf=3 dbuf=2 empty=0/100 jitter_max=1.2ms
2026-04-03 21:44:42,208 video_out client=84b20c3e-c3bc-4a7b-ab02-b6643c786b7f t=190.0s frames=5700 idle=0/300 jitter_max=1.8ms
2026-04-03 21:44:42,221 audio_out client=84b20c3e-c3bc-4a7b-ab02-b6643c786b7f t=190.0s frames=9500 buf_empty=0/500 jitter_max=1.4ms
2026-04-03 21:44:52,137 consumer client=84b20c3e-c3bc-4a7b-ab02-b6643c786b7f t=199.9s idx=2000 qsize=2 qsize_max=2 abuf=5 vbuf=3 dbuf=2 empty=0/100 jitter_max=1.6ms
2026-04-03 21:44:52,208 video_out client=84b20c3e-c3bc-4a7b-ab02-b6643c786b7f t=200.0s frames=6000 idle=0/300 jitter_max=1.5ms
2026-04-03 21:44:52,222 audio_out client=84b20c3e-c3bc-4a7b-ab02-b6643c786b7f t=200.0s frames=10000 buf_empty=0/500 jitter_max=1.8ms
2026-04-03 21:45:02,136 consumer client=84b20c3e-c3bc-4a7b-ab02-b6643c786b7f t=209.9s idx=2100 qsize=2 qsize_max=2 abuf=5 vbuf=3 dbuf=2 empty=0/100 jitter_max=1.2ms
2026-04-03 21:45:02,208 video_out client=84b20c3e-c3bc-4a7b-ab02-b6643c786b7f t=210.0s frames=6300 idle=0/300 jitter_max=1.6ms
2026-04-03 21:45:02,222 audio_out client=84b20c3e-c3bc-4a7b-ab02-b6643c786b7f t=210.0s frames=10500 buf_empty=0/500 jitter_max=1.7ms
2026-04-03 21:45:11,219 ABNORMAL client=selenium-test t=0.35s idx=2 a_m=60.0ms v_m=0.0ms abuf=9 vbuf=3
2026-04-03 21:45:12,137 consumer client=84b20c3e-c3bc-4a7b-ab02-b6643c786b7f t=219.9s idx=2200 qsize=7 qsize_max=7 abuf=5 vbuf=3 dbuf=2 empty=5/100 jitter_max=1.1ms
2026-04-03 21:45:12,208 video_out client=84b20c3e-c3bc-4a7b-ab02-b6643c786b7f t=220.0s frames=6600 idle=15/300 jitter_max=1.2ms
2026-04-03 21:45:12,222 audio_out client=84b20c3e-c3bc-4a7b-ab02-b6643c786b7f t=220.0s frames=11000 buf_empty=0/500 jitter_max=5.2ms
2026-04-03 21:45:20,586 consumer client=selenium-test t=9.9s idx=100 qsize=2 qsize_max=2 abuf=5 vbuf=3 dbuf=2 empty=2/100 jitter_max=5.0ms
2026-04-03 21:45:20,657 video_out client=selenium-test t=10.0s frames=300 idle=6/300 jitter_max=29.4ms
2026-04-03 21:45:20,671 audio_out client=selenium-test t=10.0s frames=500 buf_empty=0/500 jitter_max=29.2ms
2026-04-03 21:45:20,920 assembler client=selenium-test t=10.1s idx=100 in_abuf=4 in_vbuf=2 audio_match=500 silence=0 stale=2 video_real=168 video_fill=132 a_margin=[40.0,60.0]ms v_margin=[0.0,133.0]ms av_gap=-41.0ms jitter_max=1.0ms
2026-04-03 21:45:22,136 consumer client=84b20c3e-c3bc-4a7b-ab02-b6643c786b7f t=229.9s idx=2300 qsize=7 qsize_max=7 abuf=5 vbuf=3 dbuf=2 empty=0/100 jitter_max=1.1ms
2026-04-03 21:45:22,208 video_out client=84b20c3e-c3bc-4a7b-ab02-b6643c786b7f t=230.0s frames=6900 idle=0/300 jitter_max=1.1ms
2026-04-03 21:45:22,221 audio_out client=84b20c3e-c3bc-4a7b-ab02-b6643c786b7f t=230.0s frames=11500 buf_empty=0/500 jitter_max=1.1ms
2026-04-03 21:45:32,136 consumer client=84b20c3e-c3bc-4a7b-ab02-b6643c786b7f t=239.9s idx=2400 qsize=7 qsize_max=7 abuf=5 vbuf=3 dbuf=2 empty=0/100 jitter_max=1.1ms
2026-04-03 21:45:32,208 video_out client=84b20c3e-c3bc-4a7b-ab02-b6643c786b7f t=240.0s frames=7200 idle=0/300 jitter_max=1.5ms
2026-04-03 21:45:32,221 audio_out client=84b20c3e-c3bc-4a7b-ab02-b6643c786b7f t=240.0s frames=12000 buf_empty=0/500 jitter_max=1.7ms
2026-04-03 21:45:42,136 consumer client=84b20c3e-c3bc-4a7b-ab02-b6643c786b7f t=249.9s idx=2500 qsize=7 qsize_max=7 abuf=5 vbuf=3 dbuf=2 empty=0/100 jitter_max=1.1ms
2026-04-03 21:45:42,208 video_out client=84b20c3e-c3bc-4a7b-ab02-b6643c786b7f t=250.0s frames=7500 idle=0/300 jitter_max=1.7ms
2026-04-03 21:45:42,222 audio_out client=84b20c3e-c3bc-4a7b-ab02-b6643c786b7f t=250.0s frames=12500 buf_empty=0/500 jitter_max=2.0ms
2026-04-03 21:45:52,136 consumer client=84b20c3e-c3bc-4a7b-ab02-b6643c786b7f t=259.9s idx=2600 qsize=7 qsize_max=7 abuf=5 vbuf=3 dbuf=2 empty=0/100 jitter_max=1.7ms
2026-04-03 21:45:52,208 video_out client=84b20c3e-c3bc-4a7b-ab02-b6643c786b7f t=260.0s frames=7800 idle=0/300 jitter_max=1.8ms
2026-04-03 21:45:52,221 audio_out client=84b20c3e-c3bc-4a7b-ab02-b6643c786b7f t=260.0s frames=13000 buf_empty=0/500 jitter_max=1.7ms
2026-04-03 21:46:02,137 consumer client=84b20c3e-c3bc-4a7b-ab02-b6643c786b7f t=269.9s idx=2700 qsize=7 qsize_max=7 abuf=5 vbuf=3 dbuf=2 empty=0/100 jitter_max=1.7ms
2026-04-03 21:46:02,208 video_out client=84b20c3e-c3bc-4a7b-ab02-b6643c786b7f t=270.0s frames=8100 idle=0/300 jitter_max=1.5ms
2026-04-03 21:46:02,221 audio_out client=84b20c3e-c3bc-4a7b-ab02-b6643c786b7f t=270.0s frames=13500 buf_empty=0/500 jitter_max=2.1ms
2026-04-03 21:46:12,137 consumer client=84b20c3e-c3bc-4a7b-ab02-b6643c786b7f t=279.9s idx=2800 qsize=7 qsize_max=7 abuf=5 vbuf=3 dbuf=2 empty=0/100 jitter_max=1.1ms
2026-04-03 21:46:12,208 video_out client=84b20c3e-c3bc-4a7b-ab02-b6643c786b7f t=280.0s frames=8400 idle=0/300 jitter_max=2.0ms
2026-04-03 21:46:12,221 audio_out client=84b20c3e-c3bc-4a7b-ab02-b6643c786b7f t=280.0s frames=14000 buf_empty=0/500 jitter_max=1.6ms
2026-04-03 21:46:22,136 consumer client=84b20c3e-c3bc-4a7b-ab02-b6643c786b7f t=289.9s idx=2900 qsize=7 qsize_max=7 abuf=5 vbuf=3 dbuf=2 empty=0/100 jitter_max=1.1ms
2026-04-03 21:46:22,208 video_out client=84b20c3e-c3bc-4a7b-ab02-b6643c786b7f t=290.0s frames=8700 idle=0/300 jitter_max=1.2ms
2026-04-03 21:46:22,221 audio_out client=84b20c3e-c3bc-4a7b-ab02-b6643c786b7f t=290.0s frames=14500 buf_empty=0/500 jitter_max=1.1ms
2026-04-03 21:46:32,137 consumer client=84b20c3e-c3bc-4a7b-ab02-b6643c786b7f t=299.9s idx=3000 qsize=7 qsize_max=7 abuf=5 vbuf=3 dbuf=2 empty=0/100 jitter_max=1.1ms
2026-04-03 21:46:32,208 video_out client=84b20c3e-c3bc-4a7b-ab02-b6643c786b7f t=300.0s frames=9000 idle=0/300 jitter_max=1.2ms
2026-04-03 21:46:32,221 audio_out client=84b20c3e-c3bc-4a7b-ab02-b6643c786b7f t=300.0s frames=15000 buf_empty=0/500 jitter_max=1.4ms
2026-04-03 21:46:42,136 consumer client=84b20c3e-c3bc-4a7b-ab02-b6643c786b7f t=309.9s idx=3100 qsize=7 qsize_max=7 abuf=5 vbuf=3 dbuf=2 empty=0/100 jitter_max=0.9ms
2026-04-03 21:46:42,209 video_out client=84b20c3e-c3bc-4a7b-ab02-b6643c786b7f t=310.0s frames=9300 idle=0/300 jitter_max=1.7ms
2026-04-03 21:46:42,221 audio_out client=84b20c3e-c3bc-4a7b-ab02-b6643c786b7f t=310.0s frames=15500 buf_empty=0/500 jitter_max=1.1ms
2026-04-03 21:46:51,807 ABNORMAL client=fps-test t=0.15s idx=0 a_m=40.0ms v_m=0.0ms abuf=8 vbuf=3
2026-04-03 21:46:52,137 consumer client=84b20c3e-c3bc-4a7b-ab02-b6643c786b7f t=319.9s idx=3200 qsize=7 qsize_max=7 abuf=5 vbuf=3 dbuf=2 empty=0/100 jitter_max=1.0ms
2026-04-03 21:46:52,208 video_out client=84b20c3e-c3bc-4a7b-ab02-b6643c786b7f t=320.0s frames=9600 idle=0/300 jitter_max=7.0ms
2026-04-03 21:46:52,222 audio_out client=84b20c3e-c3bc-4a7b-ab02-b6643c786b7f t=320.0s frames=16000 buf_empty=0/500 jitter_max=7.1ms
2026-04-03 21:47:01,400 consumer client=fps-test t=9.9s idx=100 qsize=2 qsize_max=2 abuf=5 vbuf=3 dbuf=2 empty=2/100 jitter_max=5.0ms
2026-04-03 21:47:01,471 video_out client=fps-test t=10.0s frames=300 idle=6/300 jitter_max=35.7ms
2026-04-03 21:47:01,484 audio_out client=fps-test t=10.0s frames=500 buf_empty=0/500 jitter_max=35.6ms
2026-04-03 21:47:01,708 assembler client=fps-test t=10.1s idx=100 in_abuf=3 in_vbuf=1 audio_match=500 silence=0 stale=0 video_real=175 video_fill=125 a_margin=[40.0,60.0]ms v_margin=[0.0,83.0]ms av_gap=-10.0ms jitter_max=1.1ms
2026-04-03 21:47:02,137 consumer client=84b20c3e-c3bc-4a7b-ab02-b6643c786b7f t=329.9s idx=3300 qsize=7 qsize_max=7 abuf=5 vbuf=3 dbuf=2 empty=0/100 jitter_max=1.0ms
2026-04-03 21:47:02,208 video_out client=84b20c3e-c3bc-4a7b-ab02-b6643c786b7f t=330.0s frames=9900 idle=0/300 jitter_max=5.3ms
2026-04-03 21:47:02,221 audio_out client=84b20c3e-c3bc-4a7b-ab02-b6643c786b7f t=330.0s frames=16500 buf_empty=0/500 jitter_max=5.3ms
2026-04-03 21:47:10,808 ABNORMAL client=fps-test t=19.15s idx=190 a_m=60.0ms v_m=0.0ms abuf=9 vbuf=3
2026-04-03 21:47:11,400 consumer client=fps-test t=19.9s idx=200 qsize=2 qsize_max=2 abuf=5 vbuf=3 dbuf=2 empty=0/100 jitter_max=1.1ms
2026-04-03 21:47:11,472 video_out client=fps-test t=20.0s frames=600 idle=0/300 jitter_max=1.2ms
2026-04-03 21:47:11,485 audio_out client=fps-test t=20.0s frames=1000 buf_empty=0/500 jitter_max=1.2ms
2026-04-03 21:47:11,708 assembler client=fps-test t=20.1s idx=200 in_abuf=4 in_vbuf=2 audio_match=500 silence=0 stale=0 video_real=176 video_fill=124 a_margin=[40.0,60.0]ms v_margin=[0.0,133.0]ms av_gap=-41.0ms jitter_max=1.0ms
2026-04-03 21:47:12,137 consumer client=84b20c3e-c3bc-4a7b-ab02-b6643c786b7f t=339.9s idx=3400 qsize=7 qsize_max=7 abuf=5 vbuf=3 dbuf=2 empty=0/100 jitter_max=1.4ms
2026-04-03 21:47:12,209 video_out client=84b20c3e-c3bc-4a7b-ab02-b6643c786b7f t=340.0s frames=10200 idle=0/300 jitter_max=1.1ms
2026-04-03 21:47:12,222 audio_out client=84b20c3e-c3bc-4a7b-ab02-b6643c786b7f t=340.0s frames=17000 buf_empty=0/500 jitter_max=1.1ms
2026-04-03 21:47:22,137 consumer client=84b20c3e-c3bc-4a7b-ab02-b6643c786b7f t=349.9s idx=3500 qsize=7 qsize_max=7 abuf=5 vbuf=3 dbuf=2 empty=0/100 jitter_max=1.1ms
2026-04-03 21:47:22,208 video_out client=84b20c3e-c3bc-4a7b-ab02-b6643c786b7f t=350.0s frames=10500 idle=0/300 jitter_max=1.2ms
2026-04-03 21:47:22,222 audio_out client=84b20c3e-c3bc-4a7b-ab02-b6643c786b7f t=350.0s frames=17500 buf_empty=0/500 jitter_max=1.1ms
2026-04-03 21:47:32,138 consumer client=84b20c3e-c3bc-4a7b-ab02-b6643c786b7f t=359.9s idx=3600 qsize=7 qsize_max=7 abuf=5 vbuf=3 dbuf=2 empty=0/100 jitter_max=1.7ms
2026-04-03 21:47:32,209 video_out client=84b20c3e-c3bc-4a7b-ab02-b6643c786b7f t=360.0s frames=10800 idle=0/300 jitter_max=1.7ms
2026-04-03 21:47:32,222 audio_out client=84b20c3e-c3bc-4a7b-ab02-b6643c786b7f t=360.0s frames=18000 buf_empty=0/500 jitter_max=1.7ms
2026-04-03 21:47:42,137 consumer client=84b20c3e-c3bc-4a7b-ab02-b6643c786b7f t=369.9s idx=3700 qsize=7 qsize_max=7 abuf=5 vbuf=3 dbuf=2 empty=0/100 jitter_max=1.1ms
2026-04-03 21:47:42,209 video_out client=84b20c3e-c3bc-4a7b-ab02-b6643c786b7f t=370.0s frames=11100 idle=0/300 jitter_max=1.8ms
2026-04-03 21:47:42,222 audio_out client=84b20c3e-c3bc-4a7b-ab02-b6643c786b7f t=370.0s frames=18500 buf_empty=0/500 jitter_max=1.7ms
2026-04-03 21:47:52,137 consumer client=84b20c3e-c3bc-4a7b-ab02-b6643c786b7f t=379.9s idx=3800 qsize=7 qsize_max=7 abuf=5 vbuf=3 dbuf=2 empty=0/100 jitter_max=1.0ms
2026-04-03 21:47:52,208 video_out client=84b20c3e-c3bc-4a7b-ab02-b6643c786b7f t=380.0s frames=11400 idle=0/300 jitter_max=1.1ms
2026-04-03 21:47:52,221 audio_out client=84b20c3e-c3bc-4a7b-ab02-b6643c786b7f t=380.0s frames=19000 buf_empty=0/500 jitter_max=1.4ms
2026-04-03 21:48:02,136 consumer client=84b20c3e-c3bc-4a7b-ab02-b6643c786b7f t=389.9s idx=3900 qsize=7 qsize_max=7 abuf=5 vbuf=3 dbuf=2 empty=0/100 jitter_max=1.5ms
2026-04-03 21:48:02,208 video_out client=84b20c3e-c3bc-4a7b-ab02-b6643c786b7f t=390.0s frames=11700 idle=0/300 jitter_max=1.8ms
2026-04-03 21:48:02,222 audio_out client=84b20c3e-c3bc-4a7b-ab02-b6643c786b7f t=390.0s frames=19500 buf_empty=0/500 jitter_max=1.7ms
2026-04-03 21:48:12,136 consumer client=84b20c3e-c3bc-4a7b-ab02-b6643c786b7f t=399.9s idx=4000 qsize=7 qsize_max=7 abuf=5 vbuf=3 dbuf=2 empty=0/100 jitter_max=1.1ms
2026-04-03 21:48:12,208 video_out client=84b20c3e-c3bc-4a7b-ab02-b6643c786b7f t=400.0s frames=12000 idle=0/300 jitter_max=1.3ms
2026-04-03 21:48:12,221 audio_out client=84b20c3e-c3bc-4a7b-ab02-b6643c786b7f t=400.0s frames=20000 buf_empty=0/500 jitter_max=1.3ms
2026-04-03 21:48:22,137 consumer client=84b20c3e-c3bc-4a7b-ab02-b6643c786b7f t=409.9s idx=4100 qsize=7 qsize_max=7 abuf=5 vbuf=3 dbuf=2 empty=0/100 jitter_max=1.9ms
2026-04-03 21:48:22,208 video_out client=84b20c3e-c3bc-4a7b-ab02-b6643c786b7f t=410.0s frames=12300 idle=0/300 jitter_max=2.0ms
2026-04-03 21:48:22,221 audio_out client=84b20c3e-c3bc-4a7b-ab02-b6643c786b7f t=410.0s frames=20500 buf_empty=0/500 jitter_max=2.4ms
2026-04-03 21:48:32,136 consumer client=84b20c3e-c3bc-4a7b-ab02-b6643c786b7f t=419.9s idx=4200 qsize=7 qsize_max=7 abuf=5 vbuf=3 dbuf=2 empty=0/100 jitter_max=1.1ms
2026-04-03 21:48:32,208 video_out client=84b20c3e-c3bc-4a7b-ab02-b6643c786b7f t=420.0s frames=12600 idle=0/300 jitter_max=1.3ms
2026-04-03 21:48:32,222 audio_out client=84b20c3e-c3bc-4a7b-ab02-b6643c786b7f t=420.0s frames=21000 buf_empty=0/500 jitter_max=1.5ms
