2024-10-18 23:17:27,431 - INFO - ---------- Global logger initialized ----------
2024-10-18 23:22:32,540 - INFO - ---------- Global logger initialized ----------
2024-10-18 23:23:55,058 - INFO - Client test-id-1 registered
2024-10-18 23:23:55,280 - INFO - Client test-id-1 connected
2024-10-18 23:24:28,347 - INFO - Client test-id-1 disconnected
2024-10-19 00:35:27,637 - INFO - ---------- Global logger initialized ----------
2024-10-19 00:40:52,429 - INFO - Client test-id-1 registered
2024-10-19 00:40:52,663 - INFO - Client test-id-1 connected
2024-10-19 00:41:20,208 - INFO - Client test-id-1 disconnected
2024-10-19 00:41:56,747 - INFO - Client f8f57f0a-6dfd-41fc-80ea-d969f3d6dd37 registered
2024-10-19 00:41:58,110 - INFO - Client f8f57f0a-6dfd-41fc-80ea-d969f3d6dd37 connected
2024-10-19 00:42:10,725 - WARNING - Client f8f57f0a-6dfd-41fc-80ea-d969f3d6dd37 already registered
2024-10-19 00:42:10,880 - INFO - Client f8f57f0a-6dfd-41fc-80ea-d969f3d6dd37 disconnected
2024-10-19 00:42:12,157 - INFO - Client f8f57f0a-6dfd-41fc-80ea-d969f3d6dd37 connected
2024-10-19 00:44:04,889 - INFO - Client f8f57f0a-6dfd-41fc-80ea-d969f3d6dd37 disconnected
2024-10-19 00:44:59,086 - WARNING - Client f8f57f0a-6dfd-41fc-80ea-d969f3d6dd37 already registered
2024-10-19 00:45:00,660 - INFO - Client f8f57f0a-6dfd-41fc-80ea-d969f3d6dd37 connected
2024-10-19 00:45:39,214 - INFO - Client f8f57f0a-6dfd-41fc-80ea-d969f3d6dd37 disconnected
2024-10-19 00:47:37,468 - WARNING - Client f8f57f0a-6dfd-41fc-80ea-d969f3d6dd37 already registered
2024-10-19 00:47:39,267 - INFO - Client f8f57f0a-6dfd-41fc-80ea-d969f3d6dd37 connected
2024-10-19 00:47:58,425 - INFO - Client f8f57f0a-6dfd-41fc-80ea-d969f3d6dd37 disconnected
2024-10-19 00:48:18,517 - WARNING - Client f8f57f0a-6dfd-41fc-80ea-d969f3d6dd37 already registered
2024-10-19 00:48:20,159 - INFO - Client f8f57f0a-6dfd-41fc-80ea-d969f3d6dd37 connected
2024-10-19 00:50:29,279 - INFO - Client f8f57f0a-6dfd-41fc-80ea-d969f3d6dd37 disconnected
2024-10-19 00:50:29,812 - INFO - ---------- Global logger initialized ----------
2024-10-19 00:50:30,933 - INFO - ---------- Global logger initialized ----------
2024-10-19 00:50:40,829 - INFO - Client f8f57f0a-6dfd-41fc-80ea-d969f3d6dd37 registered
2024-10-19 00:50:41,796 - INFO - Client f8f57f0a-6dfd-41fc-80ea-d969f3d6dd37 connected
2024-10-19 00:51:13,174 - INFO - Client f8f57f0a-6dfd-41fc-80ea-d969f3d6dd37 disconnected
2024-10-19 00:54:05,114 - WARNING - Client f8f57f0a-6dfd-41fc-80ea-d969f3d6dd37 already registered
2024-10-19 00:54:07,282 - INFO - Client f8f57f0a-6dfd-41fc-80ea-d969f3d6dd37 connected
2024-10-19 00:57:13,806 - WARNING - Client f8f57f0a-6dfd-41fc-80ea-d969f3d6dd37 already registered
2024-10-19 00:57:13,941 - INFO - Client f8f57f0a-6dfd-41fc-80ea-d969f3d6dd37 disconnected
2024-10-19 00:57:15,521 - INFO - Client f8f57f0a-6dfd-41fc-80ea-d969f3d6dd37 connected
2024-10-19 01:03:52,893 - INFO - Client f8f57f0a-6dfd-41fc-80ea-d969f3d6dd37 disconnected
2024-10-19 01:07:13,300 - INFO - ---------- Global logger initialized ----------
2024-10-19 01:07:30,761 - INFO - Client f8f57f0a-6dfd-41fc-80ea-d969f3d6dd37 registered
2024-10-19 01:07:31,796 - INFO - Client f8f57f0a-6dfd-41fc-80ea-d969f3d6dd37 connected
2024-10-19 01:08:56,552 - WARNING - Client f8f57f0a-6dfd-41fc-80ea-d969f3d6dd37 already registered
2024-10-19 01:08:56,689 - INFO - Client f8f57f0a-6dfd-41fc-80ea-d969f3d6dd37 disconnected
2024-10-19 01:08:58,509 - INFO - Client f8f57f0a-6dfd-41fc-80ea-d969f3d6dd37 connected
2024-10-19 01:10:20,773 - INFO - Client f8f57f0a-6dfd-41fc-80ea-d969f3d6dd37 disconnected
2024-10-19 01:31:00,864 - WARNING - Client f8f57f0a-6dfd-41fc-80ea-d969f3d6dd37 already registered
2024-10-19 01:31:02,643 - INFO - Client f8f57f0a-6dfd-41fc-80ea-d969f3d6dd37 connected
2024-10-19 01:44:25,247 - INFO - Client f8f57f0a-6dfd-41fc-80ea-d969f3d6dd37 disconnected
2024-10-19 01:57:48,197 - INFO - ---------- Global logger initialized ----------
2024-10-19 01:57:54,890 - INFO - Client f8f57f0a-6dfd-41fc-80ea-d969f3d6dd37 registered
2024-10-19 01:57:56,054 - INFO - Client f8f57f0a-6dfd-41fc-80ea-d969f3d6dd37 connected
2024-10-19 02:12:32,948 - INFO - Client f8f57f0a-6dfd-41fc-80ea-d969f3d6dd37 disconnected
2024-10-19 14:17:04,149 - INFO - ---------- Global logger initialized ----------
2024-10-19 14:17:56,539 - INFO - Client test-id-1 registered
2024-10-19 14:17:57,930 - INFO - Client test-id-1 connected
2024-10-19 14:18:30,768 - INFO - Client test-id-1 disconnected
2024-10-19 14:40:05,854 - INFO - Client f8f57f0a-6dfd-41fc-80ea-d969f3d6dd37 registered
2024-10-19 14:40:08,352 - INFO - Client f8f57f0a-6dfd-41fc-80ea-d969f3d6dd37 connected
2024-10-19 14:45:21,485 - INFO - Client f8f57f0a-6dfd-41fc-80ea-d969f3d6dd37 disconnected
2024-10-19 14:45:22,065 - INFO - ---------- Global logger initialized ----------
2024-10-19 14:45:23,620 - INFO - ---------- Global logger initialized ----------
2024-10-19 14:45:25,678 - INFO - Client f8f57f0a-6dfd-41fc-80ea-d969f3d6dd37 registered
2024-10-19 14:45:27,372 - INFO - Client f8f57f0a-6dfd-41fc-80ea-d969f3d6dd37 connected
2024-10-19 18:53:16,880 - INFO - Client f8f57f0a-6dfd-41fc-80ea-d969f3d6dd37 disconnected
2024-10-19 20:46:35,630 - WARNING - Client f8f57f0a-6dfd-41fc-80ea-d969f3d6dd37 already registered
2024-10-19 20:46:39,242 - INFO - Client f8f57f0a-6dfd-41fc-80ea-d969f3d6dd37 connected
2024-10-19 20:50:35,549 - INFO - Client f8f57f0a-6dfd-41fc-80ea-d969f3d6dd37 disconnected
2024-10-19 21:01:50,148 - WARNING - Client f8f57f0a-6dfd-41fc-80ea-d969f3d6dd37 already registered
2024-10-19 21:01:58,554 - INFO - Client f8f57f0a-6dfd-41fc-80ea-d969f3d6dd37 connected
2024-10-19 21:22:05,274 - INFO - Client f8f57f0a-6dfd-41fc-80ea-d969f3d6dd37 disconnected
2024-10-19 21:23:17,152 - INFO - Client f8f57f0a-6dfd-41fc-80ea-d969f3d6dd37 connected
2024-10-19 21:27:36,385 - INFO - Client f8f57f0a-6dfd-41fc-80ea-d969f3d6dd37 disconnected
2024-10-19 21:47:07,512 - INFO - Client f8f57f0a-6dfd-41fc-80ea-d969f3d6dd37 connected
2024-10-19 21:47:41,662 - INFO - Client f8f57f0a-6dfd-41fc-80ea-d969f3d6dd37 disconnected
2024-10-19 22:12:14,103 - INFO - Client f8f57f0a-6dfd-41fc-80ea-d969f3d6dd37 connected
2024-10-19 22:12:34,661 - INFO - Client f8f57f0a-6dfd-41fc-80ea-d969f3d6dd37 disconnected
2024-10-19 22:25:26,710 - INFO - ---------- Global logger initialized ----------
2024-10-19 22:25:54,574 - INFO - Client test-id-1 registered
2024-10-19 22:25:55,934 - INFO - Client test-id-1 connected
